#
# A fatal error has been detected by the Java Runtime Environment:
#
#  SIGSEGV (0xb) at pc=0x00007fff93cf7297, pid=14692, tid=7171
#
# JRE version: 7.0_07-b10
# Java VM: Java HotSpot(TM) 64-Bit Server VM (23.3-b01 mixed mode bsd-amd64 compressed oops)
# Problematic frame:
# C  [libFontRegistry.dylib+0x2297]  _ZN19TCFResurrectContext9ResurrectEv+0x11
#
# Failed to write core dump. Core dumps have been disabled. To enable core dumping, try "ulimit -c unlimited" before starting Java again
#
# If you would like to submit a bug report, please visit:
#   http://bugreport.sun.com/bugreport/crash.jsp
# The crash happened outside the Java Virtual Machine in native code.
# See problematic frame for where to report the bug.
#

---------------  T H R E A D  ---------------

Current thread (0x00007fc184034800):  JavaThread "main" [_thread_in_native, id=7171, stack(0x000000010faa8000,0x000000010fba8000)]

siginfo:si_signo=SIGSEGV: si_errno=0, si_code=1 (SEGV_MAPERR), si_addr=0x000000017a804000

Registers:
RAX=0x000000017a804000, RBX=0x0000000000000000, RCX=0x0000000000001000, RDX=0x000000010fba58d4
RSP=0x000000010fba5870, RBP=0x000000010fba5870, RSI=0x000000017a804000, RDI=0x000000010fba5938
R8 =0x0000000000001d03, R9 =0x0000000000000000, R10=0x0000000000000040, R11=0x0000000000000206
R12=0x000000017a804000, R13=0x0000000000001000, R14=0x000000017a805000, R15=0x0000000000001000
RIP=0x00007fff93cf7297, EFLAGS=0x0000000000010206, ERR=0x0000000000000004
  TRAPNO=0x000000000000000e

Top of Stack: (sp=0x000000010fba5870)
0x000000010fba5870:   000000010fba5970 00007fff93d0bbd9
0x000000010fba5880:   0000000000030004 000000010fba58e0
0x000000010fba5890:   000000010fba58d8 00007fff8b10241f
0x000000010fba58a0:   000000010fba5a10 00000007904b9470
0x000000010fba58b0:   000000010efe5c60 0000206083dc7480
0x000000010fba58c0:   000000017a804000 0000000000001000
0x000000010fba58d0:   0000000000000000 0000000000001000
0x000000010fba58e0:   000000017a804000 00007fff7b65a8f0
0x000000010fba58f0:   00007fc185528300 00007fc183dc7401
0x000000010fba5900:   0000000000000000 0000000000001000
0x000000010fba5910:   00007fff7b65a8f0 00007fc185528250
0x000000010fba5920:   000000000006a201 0000000000000000
0x000000010fba5930:   0000000000001000 00007fff7b654cd0
0x000000010fba5940:   000000017a804000 0000000000030004
0x000000010fba5950:   0000000000000001 000000010fba5df8
0x000000010fba5960:   0000000000000007 00007fc183dc7480
0x000000010fba5970:   000000010fba5a90 00007fff93cf8a60
0x000000010fba5980:   00007fc18551af70 00007fc18551af70
0x000000010fba5990:   000000010fba5a20 0000000000000000
0x000000010fba59a0:   0000000000000000 0000000000000000
0x000000010fba59b0:   0000000000000000 0000000000000000
0x000000010fba59c0:   00007fc185528170 000000010fba5a30
0x000000010fba59d0:   000000010fba5a30 d23ba56714a66e3e
0x000000010fba59e0:   0000000000000000 00007fff7a51ab58
0x000000010fba59f0:   00007fc18551af70 00007fff7a51ab58
0x000000010fba5a00:   0000000000000001 000000010fba5df8
0x000000010fba5a10:   0003000400000007 00007fff7b656140
0x000000010fba5a20:   000000010efe5930 00007fff7b655fe0
0x000000010fba5a30:   000000010efe5c60 00007fc18551b020
0x000000010fba5a40:   000000010fba5a60 0000000000000000
0x000000010fba5a50:   000000010fba5d54 00007fc18551af70
0x000000010fba5a60:   000000010fba5a90 00007fc18551af70 

Instructions: (pc=0x00007fff93cf7297)
0x00007fff93cf7277:   55 da 95 e7 48 89 07 48 89 77 08 5d c3 90 90 55
0x00007fff93cf7287:   48 89 e5 48 8b 47 08 48 85 c0 0f 84 b5 00 00 00
0x00007fff93cf7297:   8b 10 48 83 c0 04 48 89 47 08 0f ca 81 fa ff 00
0x00007fff93cf72a7:   00 00 7f 2d 83 fa 0f 7f 10 83 fa 07 0f 85 80 00 

Register to memory mapping:

RAX=0x000000017a804000 is an unknown value
RBX=0x0000000000000000 is an unknown value
RCX=0x0000000000001000 is an unknown value
RDX=0x000000010fba58d4 is pointing into the stack for thread: 0x00007fc184034800
RSP=0x000000010fba5870 is pointing into the stack for thread: 0x00007fc184034800
RBP=0x000000010fba5870 is pointing into the stack for thread: 0x00007fc184034800
RSI=0x000000017a804000 is an unknown value
RDI=0x000000010fba5938 is pointing into the stack for thread: 0x00007fc184034800
R8 =0x0000000000001d03 is an unknown value
R9 =0x0000000000000000 is an unknown value
R10=0x0000000000000040 is an unknown value
R11=0x0000000000000206 is an unknown value
R12=0x000000017a804000 is an unknown value
R13=0x0000000000001000 is an unknown value
R14=0x000000017a805000 is an unknown value
R15=0x0000000000001000 is an unknown value


Stack: [0x000000010faa8000,0x000000010fba8000],  sp=0x000000010fba5870,  free space=1014k
Native frames: (J=compiled Java code, j=interpreted, Vv=VM code, C=native code)
C  [libFontRegistry.dylib+0x2297]  _ZN19TCFResurrectContext9ResurrectEv+0x11
C  [libFontRegistry.dylib+0x16bd9]  _ZNK22TGlobalFontRegistryImp37CopyPropertiesForFontsMatchingRequestEPK14__CFDictionaryPK7__CFSetRK17TFontQueryOptions+0x175
C  [libFontRegistry.dylib+0x3a60]  XTCopyFontsWithProperties+0xe4
C  [CoreText+0x19877]  _ZNK17TDescriptorSource25CopyDescriptorsForRequestEPK14__CFDictionaryPK7__CFSetPFlPKvS7_PvES8_m+0x1c1
C  [CoreText+0x194b5]  _ZNK11TDescriptor25CreateMatchingDescriptorsEPK7__CFSetm+0x85
C  [AppKit+0x1c2af4]  __NSCopyNormalizedDescriptorsForFamily+0x18e
C  [AppKit+0x1c2527]  -[NSFontManager availableMembersOfFontFamily:]+0x12c
C  [liblwawt.dylib+0x149c9]  Java_sun_font_CFontManager_loadNativeFonts+0x16e
j  sun.font.CFontManager.loadNativeFonts()V+0
j  sun.font.CFontManager.access$000(Lsun/font/CFontManager;)V+1
j  sun.font.CFontManager$4.run()Ljava/lang/Object;+4
v  ~StubRoutines::call_stub
V  [libjvm.dylib+0x288afb]
V  [libjvm.dylib+0x2888c8]
V  [libjvm.dylib+0x2c397f]
j  java.security.AccessController.doPrivileged(Ljava/security/PrivilegedAction;)Ljava/lang/Object;+0
j  sun.font.CFontManager.loadFonts()V+19
j  sun.font.SunFontManager.findFont2D(Ljava/lang/String;II)Lsun/font/Font2D;+933
j  java.awt.Font.getFont2D()Lsun/font/Font2D;+86
j  java.awt.Font.access$000(Ljava/awt/Font;)Lsun/font/Font2D;+1
j  java.awt.Font$FontAccessImpl.getFont2D(Ljava/awt/Font;)Lsun/font/Font2D;+1
j  sun.font.FontUtilities.getFont2D(Ljava/awt/Font;)Lsun/font/Font2D;+4
j  sun.font.FontDesignMetrics.initMatrixAndMetrics()V+4
j  sun.font.FontDesignMetrics.<init>(Ljava/awt/Font;Ljava/awt/font/FontRenderContext;)V+62
j  sun.font.FontDesignMetrics.getMetrics(Ljava/awt/Font;Ljava/awt/font/FontRenderContext;)Lsun/font/FontDesignMetrics;+129
j  sun.swing.SwingUtilities2.getFontMetrics(Ljavax/swing/JComponent;Ljava/awt/Font;)Ljava/awt/FontMetrics;+15
j  javax.swing.JComponent.getFontMetrics(Ljava/awt/Font;)Ljava/awt/FontMetrics;+2
j  javax.swing.plaf.basic.BasicGraphicsUtils.getPreferredButtonSize(Ljavax/swing/AbstractButton;I)Ljava/awt/Dimension;+28
j  com.apple.laf.AquaButtonUI.getPreferredSize(Ljavax/swing/JComponent;)Ljava/awt/Dimension;+10
j  com.apple.laf.AquaButtonUI.getMinimumSize(Ljavax/swing/JComponent;)Ljava/awt/Dimension;+2
j  javax.swing.JComponent.getMinimumSize()Ljava/awt/Dimension;+26
j  java.awt.GridLayout.minimumLayoutSize(Ljava/awt/Container;)Ljava/awt/Dimension;+88
j  java.awt.Container.minimumSize()Ljava/awt/Dimension;+43
j  java.awt.Container.getMinimumSize()Ljava/awt/Dimension;+1
j  javax.swing.JComponent.getMinimumSize()Ljava/awt/Dimension;+39
j  java.awt.BorderLayout.minimumLayoutSize(Ljava/awt/Container;)Ljava/awt/Dimension;+264
j  java.awt.Container.minimumSize()Ljava/awt/Dimension;+43
j  java.awt.Container.getMinimumSize()Ljava/awt/Dimension;+1
j  javax.swing.JComponent.getMinimumSize()Ljava/awt/Dimension;+39
j  javax.swing.JRootPane$RootLayout.minimumLayoutSize(Ljava/awt/Container;)Ljava/awt/Dimension;+26
j  java.awt.Container.minimumSize()Ljava/awt/Dimension;+43
j  java.awt.Container.getMinimumSize()Ljava/awt/Dimension;+1
j  javax.swing.JComponent.getMinimumSize()Ljava/awt/Dimension;+39
j  java.awt.BorderLayout.minimumLayoutSize(Ljava/awt/Container;)Ljava/awt/Dimension;+157
j  java.awt.Container.minimumSize()Ljava/awt/Dimension;+43
j  java.awt.Container.getMinimumSize()Ljava/awt/Dimension;+1
j  sun.lwawt.macosx.CPlatformWindow.setMinimumSize(II)V+9
j  sun.lwawt.LWWindowPeer.updateMinimumSize()V+52
j  sun.lwawt.LWWindowPeer.initializeImpl()V+84
j  sun.lwawt.LWComponentPeer.initialize()V+19
j  sun.lwawt.LWToolkit.createDelegatedPeer(Ljava/awt/Window;Lsun/lwawt/PlatformComponent;Lsun/lwawt/PlatformWindow;)Lsun/lwawt/LWWindowPeer;+20
j  sun.lwawt.LWToolkit.createFrame(Ljava/awt/Frame;)Ljava/awt/peer/FramePeer;+17
j  java.awt.Frame.addNotify()V+20
j  java.awt.Window.show()V+8
j  java.awt.Component.show(Z)V+5
j  java.awt.Component.setVisible(Z)V+2
j  java.awt.Window.setVisible(Z)V+2
j  eventHandeling.<init>()V+130
j  eventHandeling.main([Ljava/lang/String;)V+3
v  ~StubRoutines::call_stub
V  [libjvm.dylib+0x288afb]
V  [libjvm.dylib+0x2888c8]
V  [libjvm.dylib+0x2a40d6]
V  [libjvm.dylib+0x29d442]
C  [java+0x32e2]  JavaMain+0x9b1
C  [libsystem_c.dylib+0x4e8bf]  _pthread_start+0x14f
C  [libsystem_c.dylib+0x51b75]  thread_start+0xd

Java frames: (J=compiled Java code, j=interpreted, Vv=VM code)
j  sun.font.CFontManager.loadNativeFonts()V+0
j  sun.font.CFontManager.access$000(Lsun/font/CFontManager;)V+1
j  sun.font.CFontManager$4.run()Ljava/lang/Object;+4
v  ~StubRoutines::call_stub
j  java.security.AccessController.doPrivileged(Ljava/security/PrivilegedAction;)Ljava/lang/Object;+0
j  sun.font.CFontManager.loadFonts()V+19
j  sun.font.SunFontManager.findFont2D(Ljava/lang/String;II)Lsun/font/Font2D;+933
j  java.awt.Font.getFont2D()Lsun/font/Font2D;+86
j  java.awt.Font.access$000(Ljava/awt/Font;)Lsun/font/Font2D;+1
j  java.awt.Font$FontAccessImpl.getFont2D(Ljava/awt/Font;)Lsun/font/Font2D;+1
j  sun.font.FontUtilities.getFont2D(Ljava/awt/Font;)Lsun/font/Font2D;+4
j  sun.font.FontDesignMetrics.initMatrixAndMetrics()V+4
j  sun.font.FontDesignMetrics.<init>(Ljava/awt/Font;Ljava/awt/font/FontRenderContext;)V+62
j  sun.font.FontDesignMetrics.getMetrics(Ljava/awt/Font;Ljava/awt/font/FontRenderContext;)Lsun/font/FontDesignMetrics;+129
j  sun.swing.SwingUtilities2.getFontMetrics(Ljavax/swing/JComponent;Ljava/awt/Font;)Ljava/awt/FontMetrics;+15
j  javax.swing.JComponent.getFontMetrics(Ljava/awt/Font;)Ljava/awt/FontMetrics;+2
j  javax.swing.plaf.basic.BasicGraphicsUtils.getPreferredButtonSize(Ljavax/swing/AbstractButton;I)Ljava/awt/Dimension;+28
j  com.apple.laf.AquaButtonUI.getPreferredSize(Ljavax/swing/JComponent;)Ljava/awt/Dimension;+10
j  com.apple.laf.AquaButtonUI.getMinimumSize(Ljavax/swing/JComponent;)Ljava/awt/Dimension;+2
j  javax.swing.JComponent.getMinimumSize()Ljava/awt/Dimension;+26
j  java.awt.GridLayout.minimumLayoutSize(Ljava/awt/Container;)Ljava/awt/Dimension;+88
j  java.awt.Container.minimumSize()Ljava/awt/Dimension;+43
j  java.awt.Container.getMinimumSize()Ljava/awt/Dimension;+1
j  javax.swing.JComponent.getMinimumSize()Ljava/awt/Dimension;+39
j  java.awt.BorderLayout.minimumLayoutSize(Ljava/awt/Container;)Ljava/awt/Dimension;+264
j  java.awt.Container.minimumSize()Ljava/awt/Dimension;+43
j  java.awt.Container.getMinimumSize()Ljava/awt/Dimension;+1
j  javax.swing.JComponent.getMinimumSize()Ljava/awt/Dimension;+39
j  javax.swing.JRootPane$RootLayout.minimumLayoutSize(Ljava/awt/Container;)Ljava/awt/Dimension;+26
j  java.awt.Container.minimumSize()Ljava/awt/Dimension;+43
j  java.awt.Container.getMinimumSize()Ljava/awt/Dimension;+1
j  javax.swing.JComponent.getMinimumSize()Ljava/awt/Dimension;+39
j  java.awt.BorderLayout.minimumLayoutSize(Ljava/awt/Container;)Ljava/awt/Dimension;+157
j  java.awt.Container.minimumSize()Ljava/awt/Dimension;+43
j  java.awt.Container.getMinimumSize()Ljava/awt/Dimension;+1
j  sun.lwawt.macosx.CPlatformWindow.setMinimumSize(II)V+9
j  sun.lwawt.LWWindowPeer.updateMinimumSize()V+52
j  sun.lwawt.LWWindowPeer.initializeImpl()V+84
j  sun.lwawt.LWComponentPeer.initialize()V+19
j  sun.lwawt.LWToolkit.createDelegatedPeer(Ljava/awt/Window;Lsun/lwawt/PlatformComponent;Lsun/lwawt/PlatformWindow;)Lsun/lwawt/LWWindowPeer;+20
j  sun.lwawt.LWToolkit.createFrame(Ljava/awt/Frame;)Ljava/awt/peer/FramePeer;+17
j  java.awt.Frame.addNotify()V+20
j  java.awt.Window.show()V+8
j  java.awt.Component.show(Z)V+5
j  java.awt.Component.setVisible(Z)V+2
j  java.awt.Window.setVisible(Z)V+2
j  eventHandeling.<init>()V+130
j  eventHandeling.main([Ljava/lang/String;)V+3
v  ~StubRoutines::call_stub

---------------  P R O C E S S  ---------------

Java Threads: ( => current thread )
  0x00007fc18437b000 JavaThread "AWT-EventQueue-0" [_thread_blocked, id=40451, stack(0x000000017b8c1000,0x000000017b9c1000)]
  0x00007fc18487d000 JavaThread "Java2D Disposer" daemon [_thread_blocked, id=35075, stack(0x000000017a675000,0x000000017a775000)]
  0x00007fc18484d800 JavaThread "Java2D Queue Flusher" daemon [_thread_blocked, id=32271, stack(0x0000000179cdf000,0x0000000179ddf000)]
  0x00007fc18416c000 JavaThread "AWT-Shutdown" [_thread_blocked, id=18951, stack(0x0000000176323000,0x0000000176423000)]
  0x00007fc18416f000 JavaThread "AppKit Thread" daemon [_thread_in_native, id=1799, stack(0x00007fff6e204000,0x00007fff6ea04000)]
  0x00007fc184811800 JavaThread "Service Thread" daemon [_thread_blocked, id=18435, stack(0x0000000175e57000,0x0000000175f57000)]
  0x00007fc184811000 JavaThread "C2 CompilerThread1" daemon [_thread_blocked, id=18179, stack(0x0000000175d54000,0x0000000175e54000)]
  0x00007fc18480f800 JavaThread "C2 CompilerThread0" daemon [_thread_blocked, id=17923, stack(0x0000000175c51000,0x0000000175d51000)]
  0x00007fc18480c800 JavaThread "Signal Dispatcher" daemon [_thread_blocked, id=17667, stack(0x0000000175b4e000,0x0000000175c4e000)]
  0x00007fc184088000 JavaThread "Finalizer" daemon [_thread_blocked, id=13571, stack(0x0000000175846000,0x0000000175946000)]
  0x00007fc184087800 JavaThread "Reference Handler" daemon [_thread_blocked, id=13315, stack(0x0000000175743000,0x0000000175843000)]
=>0x00007fc184034800 JavaThread "main" [_thread_in_native, id=7171, stack(0x000000010faa8000,0x000000010fba8000)]

Other Threads:
  0x00007fc184084800 VMThread [stack: 0x0000000175640000,0x0000000175740000] [id=13059]
  0x00007fc18409f000 WatcherThread [stack: 0x0000000175f5a000,0x000000017605a000] [id=18691]

VM state:not at safepoint (normal execution)

VM Mutex/Monitor currently owned by a thread: None

Heap
 PSYoungGen      total 26432K, used 3180K [0x0000000153030000, 0x0000000154db0000, 0x00000001708d0000)
  eden space 22656K, 14% used [0x0000000153030000,0x000000015334b140,0x0000000154650000)
  from space 3776K, 0% used [0x0000000154a00000,0x0000000154a00000,0x0000000154db0000)
  to   space 3776K, 0% used [0x0000000154650000,0x0000000154650000,0x0000000154a00000)
 ParOldGen       total 60480K, used 0K [0x0000000117ed0000, 0x000000011b9e0000, 0x0000000153030000)
  object space 60480K, 0% used [0x0000000117ed0000,0x0000000117ed0000,0x000000011b9e0000)
 PSPermGen       total 21248K, used 7906K [0x0000000112cd0000, 0x0000000114190000, 0x0000000117ed0000)
  object space 21248K, 37% used [0x0000000112cd0000,0x00000001134889b0,0x0000000114190000)

Card table byte_map: [0x00000001708d0000,0x0000000170bbf000] byte_map_base: 0x0000000170039980

Polling page: 0x000000010eefe000

Code Cache  [0x000000010fbf8000, 0x000000010fe68000, 0x0000000112bf8000)
 total_blobs=387 nmethods=8 adapters=332 free_code_cache=48655Kb largest_free_block=49810496

Compilation events (10 events):
Event: 0.427 Thread 0x00007fc18480f800    4             java.lang.String::indexOf (70 bytes)
Event: 0.430 Thread 0x00007fc18480f800 nmethod 4 0x000000010fc6afd0 code [0x000000010fc6b120, 0x000000010fc6b2c8]
Event: 0.474 Thread 0x00007fc184811000    5             java.lang.String::equals (81 bytes)
Event: 0.482 Thread 0x00007fc184811000 nmethod 5 0x000000010fc705d0 code [0x000000010fc70720, 0x000000010fc70998]
Event: 0.582 Thread 0x00007fc18480f800    6             sun.java2d.loops.GraphicsPrimitive::getUniqueID (5 bytes)
Event: 0.584 Thread 0x00007fc18480f800 nmethod 6 0x000000010fc75850 code [0x000000010fc75980, 0x000000010fc759d8]
Event: 0.724 Thread 0x00007fc184811000    7             java.io.UnixFileSystem::normalize (75 bytes)
Event: 0.729 Thread 0x00007fc184811000 nmethod 7 0x000000010fc73dd0 code [0x000000010fc73f40, 0x000000010fc74198]
Event: 0.744 Thread 0x00007fc18480f800    8             java.lang.Object::<init> (1 bytes)
Event: 0.744 Thread 0x00007fc18480f800 nmethod 8 0x000000010fc72d90 code [0x000000010fc72ec0, 0x000000010fc72f58]

GC Heap History (0 events):
No events

Deoptimization events (0 events):
No events

Internal exceptions (10 events):
Event: 0.418 Thread 0x00007fc184034800 Threw 0x0000000153204f08 at /HUDSON/workspace/jdk7u7-2-build-macosx-amd64-product/jdk7u7/hotspot/src/share/vm/prims/jvm.cpp:1166
Event: 0.418 Thread 0x00007fc184034800 Threw 0x0000000153206020 at /HUDSON/workspace/jdk7u7-2-build-macosx-amd64-product/jdk7u7/hotspot/src/share/vm/prims/jvm.cpp:1166
Event: 0.421 Thread 0x00007fc184034800 Threw 0x000000015321a7e0 at /HUDSON/workspace/jdk7u7-2-build-macosx-amd64-product/jdk7u7/hotspot/src/share/vm/prims/jvm.cpp:1166
Event: 0.421 Thread 0x00007fc184034800 Threw 0x000000015321aa08 at /HUDSON/workspace/jdk7u7-2-build-macosx-amd64-product/jdk7u7/hotspot/src/share/vm/prims/jvm.cpp:1166
Event: 0.425 Thread 0x00007fc184034800 Threw 0x0000000153225af8 at /HUDSON/workspace/jdk7u7-2-build-macosx-amd64-product/jdk7u7/hotspot/src/share/vm/prims/jvm.cpp:1166
Event: 0.425 Thread 0x00007fc184034800 Threw 0x0000000153225d20 at /HUDSON/workspace/jdk7u7-2-build-macosx-amd64-product/jdk7u7/hotspot/src/share/vm/prims/jvm.cpp:1166
Event: 0.429 Thread 0x00007fc184034800 Threw 0x0000000153229c40 at /HUDSON/workspace/jdk7u7-2-build-macosx-amd64-product/jdk7u7/hotspot/src/share/vm/prims/jvm.cpp:1166
Event: 0.429 Thread 0x00007fc184034800 Threw 0x000000015322ad78 at /HUDSON/workspace/jdk7u7-2-build-macosx-amd64-product/jdk7u7/hotspot/src/share/vm/prims/jvm.cpp:1166
Event: 0.434 Thread 0x00007fc184034800 Threw 0x0000000153237510 at /HUDSON/workspace/jdk7u7-2-build-macosx-amd64-product/jdk7u7/hotspot/src/share/vm/prims/jvm.cpp:1166
Event: 0.434 Thread 0x00007fc184034800 Threw 0x0000000153238588 at /HUDSON/workspace/jdk7u7-2-build-macosx-amd64-product/jdk7u7/hotspot/src/share/vm/prims/jvm.cpp:1166

Events (10 events):
Event: 0.742 loading class 0x000000010ef7b2a0 done
Event: 0.742 loading class 0x000000010ef7b0c0 done
Event: 0.742 loading class 0x000000010ef82a50
Event: 0.742 loading class 0x00007fc183dc5260
Event: 0.742 loading class 0x00007fc183dc5260 done
Event: 0.742 loading class 0x000000010ef82a50 done
Event: 0.746 loading class 0x00007fc185292dd0
Event: 0.746 loading class 0x00007fc185292dd0 done
Event: 0.746 loading class 0x00007fc18529a6d0
Event: 0.746 loading class 0x00007fc18529a6d0 done


Dynamic libraries:
0x000000000a2d3000 	/System/Library/Frameworks/Cocoa.framework/Versions/A/Cocoa
0x000000000a2d3000 	/System/Library/Frameworks/Security.framework/Versions/A/Security
0x000000000a2d3000 	/System/Library/Frameworks/ApplicationServices.framework/Versions/A/ApplicationServices
0x000000000a2d3000 	/usr/lib/libz.1.dylib
0x000000000a2d3000 	/usr/lib/libSystem.B.dylib
0x000000000a2d3000 	/usr/lib/libobjc.A.dylib
0x000000000a2d3000 	/System/Library/Frameworks/CoreFoundation.framework/Versions/A/CoreFoundation
0x000000000a2d3000 	/System/Library/Frameworks/AppKit.framework/Versions/C/AppKit
0x000000000a2d3000 	/System/Library/Frameworks/CoreData.framework/Versions/A/CoreData
0x000000000a2d3000 	/System/Library/Frameworks/Foundation.framework/Versions/C/Foundation
0x000000000a2d3000 	/System/Library/PrivateFrameworks/RemoteViewServices.framework/Versions/A/RemoteViewServices
0x000000000a2d3000 	/System/Library/Frameworks/AudioToolbox.framework/Versions/A/AudioToolbox
0x000000000a2d3000 	/System/Library/Frameworks/AudioUnit.framework/Versions/A/AudioUnit
0x000000000a2d3000 	/System/Library/PrivateFrameworks/DataDetectorsCore.framework/Versions/A/DataDetectorsCore
0x000000000a2d3000 	/System/Library/PrivateFrameworks/DesktopServicesPriv.framework/Versions/A/DesktopServicesPriv
0x000000000a2d3000 	/System/Library/Frameworks/Carbon.framework/Versions/A/Frameworks/HIToolbox.framework/Versions/A/HIToolbox
0x000000000a2d3000 	/System/Library/Frameworks/QuartzCore.framework/Versions/A/QuartzCore
0x000000000a2d3000 	/System/Library/Frameworks/Carbon.framework/Versions/A/Frameworks/SpeechRecognition.framework/Versions/A/SpeechRecognition
0x000000000a2d3000 	/usr/lib/libauto.dylib
0x000000000a2d3000 	/usr/lib/libicucore.A.dylib
0x000000000a2d3000 	/usr/lib/libxml2.2.dylib
0x000000000a2d3000 	/System/Library/PrivateFrameworks/CoreUI.framework/Versions/A/CoreUI
0x000000000a2d3000 	/System/Library/Frameworks/CoreAudio.framework/Versions/A/CoreAudio
0x000000000a2d3000 	/System/Library/Frameworks/DiskArbitration.framework/Versions/A/DiskArbitration
0x000000000a2d3000 	/usr/lib/liblangid.dylib
0x000000000a2d3000 	/System/Library/PrivateFrameworks/MultitouchSupport.framework/Versions/A/MultitouchSupport
0x000000000a2d3000 	/System/Library/Frameworks/IOKit.framework/Versions/A/IOKit
0x000000000a2d3000 	/usr/lib/libDiagnosticMessagesClient.dylib
0x000000000a2d3000 	/System/Library/Frameworks/CoreServices.framework/Versions/A/CoreServices
0x000000000a2d3000 	/System/Library/PrivateFrameworks/PerformanceAnalysis.framework/Versions/A/PerformanceAnalysis
0x000000000a2d3000 	/System/Library/PrivateFrameworks/GenerationalStorage.framework/Versions/A/GenerationalStorage
0x000000000a2d3000 	/System/Library/Frameworks/OpenGL.framework/Versions/A/OpenGL
0x000000000a2d3000 	/System/Library/Frameworks/CoreServices.framework/Versions/A/Frameworks/CFNetwork.framework/Versions/A/CFNetwork
0x000000000a2d3000 	/System/Library/Frameworks/SystemConfiguration.framework/Versions/A/SystemConfiguration
0x000000000a2d3000 	/usr/lib/libCRFSuite.dylib
0x000000000a2d3000 	/usr/lib/libc++.1.dylib
0x000000000a2d3000 	/usr/lib/libstdc++.6.dylib
0x000000000a2d3000 	/usr/lib/libc++abi.dylib
0x000000000a2d3000 	/usr/lib/system/libcache.dylib
0x000000000a2d3000 	/usr/lib/system/libcommonCrypto.dylib
0x000000000a2d3000 	/usr/lib/system/libcompiler_rt.dylib
0x000000000a2d3000 	/usr/lib/system/libcopyfile.dylib
0x000000000a2d3000 	/usr/lib/system/libdispatch.dylib
0x000000000a2d3000 	/usr/lib/system/libdnsinfo.dylib
0x000000000a2d3000 	/usr/lib/system/libdyld.dylib
0x000000000a2d3000 	/usr/lib/system/libkeymgr.dylib
0x000000000a2d3000 	/usr/lib/system/liblaunch.dylib
0x000000000a2d3000 	/usr/lib/system/libmacho.dylib
0x000000000a2d3000 	/usr/lib/system/libmathCommon.A.dylib
0x000000000a2d3000 	/usr/lib/system/libquarantine.dylib
0x000000000a2d3000 	/usr/lib/system/libremovefile.dylib
0x000000000a2d3000 	/usr/lib/system/libsystem_blocks.dylib
0x000000000a2d3000 	/usr/lib/system/libsystem_c.dylib
0x000000000a2d3000 	/usr/lib/system/libsystem_dnssd.dylib
0x000000000a2d3000 	/usr/lib/system/libsystem_info.dylib
0x000000000a2d3000 	/usr/lib/system/libsystem_kernel.dylib
0x000000000a2d3000 	/usr/lib/system/libsystem_network.dylib
0x000000000a2d3000 	/usr/lib/system/libsystem_notify.dylib
0x000000000a2d3000 	/usr/lib/system/libsystem_sandbox.dylib
0x000000000a2d3000 	/usr/lib/system/libunc.dylib
0x000000000a2d3000 	/usr/lib/system/libunwind.dylib
0x000000000a2d3000 	/usr/lib/system/libxpc.dylib
0x000000000a2d3000 	/usr/lib/libbsm.0.dylib
0x000000000a2d3000 	/usr/lib/libsqlite3.dylib
0x000000000a2d3000 	/usr/lib/libOpenScriptingUtil.dylib
0x000000000a2d3000 	/usr/lib/libpam.2.dylib
0x000000000a2d3000 	/usr/lib/libxar-nossl.dylib
0x000000000a2d3000 	/usr/lib/libbz2.1.0.dylib
0x000000000a2d3000 	/System/Library/Frameworks/CoreServices.framework/Versions/A/Frameworks/CarbonCore.framework/Versions/A/CarbonCore
0x000000000a2d3000 	/System/Library/Frameworks/CoreServices.framework/Versions/A/Frameworks/Metadata.framework/Versions/A/Metadata
0x000000000a2d3000 	/System/Library/Frameworks/CoreServices.framework/Versions/A/Frameworks/OSServices.framework/Versions/A/OSServices
0x000000000a2d3000 	/System/Library/Frameworks/CoreServices.framework/Versions/A/Frameworks/SearchKit.framework/Versions/A/SearchKit
0x000000000a2d3000 	/System/Library/Frameworks/CoreServices.framework/Versions/A/Frameworks/AE.framework/Versions/A/AE
0x000000000a2d3000 	/System/Library/Frameworks/CoreServices.framework/Versions/A/Frameworks/LaunchServices.framework/Versions/A/LaunchServices
0x000000000a2d3000 	/System/Library/Frameworks/CoreServices.framework/Versions/A/Frameworks/DictionaryServices.framework/Versions/A/DictionaryServices
0x000000000a2d3000 	/System/Library/Frameworks/NetFS.framework/Versions/A/NetFS
0x000000000a2d3000 	/usr/lib/system/libkxld.dylib
0x000000000a2d3000 	/System/Library/PrivateFrameworks/NetAuth.framework/Versions/A/NetAuth
0x000000000a2d3000 	/usr/lib/libcrypto.0.9.8.dylib
0x000000000a2d3000 	/System/Library/PrivateFrameworks/TrustEvaluationAgent.framework/Versions/A/TrustEvaluationAgent
0x000000000a2d3000 	/System/Library/Frameworks/OpenDirectory.framework/Versions/A/Frameworks/CFOpenDirectory.framework/Versions/A/CFOpenDirectory
0x000000000a2d3000 	/usr/lib/libxslt.1.dylib
0x000000000a2d3000 	/System/Library/PrivateFrameworks/FamilyControls.framework/Versions/A/FamilyControls
0x000000000a2d3000 	/System/Library/Frameworks/Carbon.framework/Versions/A/Frameworks/Ink.framework/Versions/A/Ink
0x000000000a2d3000 	/System/Library/Frameworks/ApplicationServices.framework/Versions/A/Frameworks/CoreGraphics.framework/Versions/A/CoreGraphics
0x000000000a2d3000 	/System/Library/Frameworks/ApplicationServices.framework/Versions/A/Frameworks/ImageIO.framework/Versions/A/ImageIO
0x000000000a2d3000 	/System/Library/Frameworks/ApplicationServices.framework/Versions/A/Frameworks/CoreText.framework/Versions/A/CoreText
0x000000000a2d3000 	/System/Library/Frameworks/ApplicationServices.framework/Versions/A/Frameworks/ATS.framework/Versions/A/ATS
0x000000000a2d3000 	/System/Library/Frameworks/ApplicationServices.framework/Versions/A/Frameworks/ColorSync.framework/Versions/A/ColorSync
0x000000000a2d3000 	/System/Library/Frameworks/ApplicationServices.framework/Versions/A/Frameworks/HIServices.framework/Versions/A/HIServices
0x000000000a2d3000 	/System/Library/Frameworks/ApplicationServices.framework/Versions/A/Frameworks/LangAnalysis.framework/Versions/A/LangAnalysis
0x000000000a2d3000 	/System/Library/Frameworks/ApplicationServices.framework/Versions/A/Frameworks/PrintCore.framework/Versions/A/PrintCore
0x000000000a2d3000 	/System/Library/Frameworks/ApplicationServices.framework/Versions/A/Frameworks/QD.framework/Versions/A/QD
0x000000000a2d3000 	/System/Library/Frameworks/ApplicationServices.framework/Versions/A/Frameworks/SpeechSynthesis.framework/Versions/A/SpeechSynthesis
0x000000000a2d3000 	/System/Library/Frameworks/IOSurface.framework/Versions/A/IOSurface
0x000000000a2d3000 	/System/Library/Frameworks/Accelerate.framework/Versions/A/Accelerate
0x000000000a2d3000 	/System/Library/Frameworks/ApplicationServices.framework/Versions/A/Frameworks/ImageIO.framework/Versions/A/Resources/libJPEG.dylib
0x000000000a2d3000 	/System/Library/Frameworks/ApplicationServices.framework/Versions/A/Frameworks/ImageIO.framework/Versions/A/Resources/libTIFF.dylib
0x000000000a2d3000 	/System/Library/Frameworks/ApplicationServices.framework/Versions/A/Frameworks/ImageIO.framework/Versions/A/Resources/libPng.dylib
0x000000000a2d3000 	/System/Library/Frameworks/ApplicationServices.framework/Versions/A/Frameworks/ImageIO.framework/Versions/A/Resources/libGIF.dylib
0x000000000a2d3000 	/System/Library/Frameworks/ApplicationServices.framework/Versions/A/Frameworks/ImageIO.framework/Versions/A/Resources/libJP2.dylib
0x000000000a2d3000 	/System/Library/Frameworks/ApplicationServices.framework/Versions/A/Frameworks/ImageIO.framework/Versions/A/Resources/libRadiance.dylib
0x000000000a2d3000 	/System/Library/Frameworks/Accelerate.framework/Versions/A/Frameworks/vImage.framework/Versions/A/vImage
0x000000000a2d3000 	/System/Library/Frameworks/Accelerate.framework/Versions/A/Frameworks/vecLib.framework/Versions/A/vecLib
0x000000000a2d3000 	/System/Library/Frameworks/Accelerate.framework/Versions/A/Frameworks/vecLib.framework/Versions/A/libvDSP.dylib
0x000000000a2d3000 	/System/Library/Frameworks/Accelerate.framework/Versions/A/Frameworks/vecLib.framework/Versions/A/libvMisc.dylib
0x000000000a2d3000 	/System/Library/Frameworks/Accelerate.framework/Versions/A/Frameworks/vecLib.framework/Versions/A/libLAPACK.dylib
0x000000000a2d3000 	/System/Library/Frameworks/Accelerate.framework/Versions/A/Frameworks/vecLib.framework/Versions/A/libBLAS.dylib
0x000000000a2d3000 	/System/Library/Frameworks/ApplicationServices.framework/Versions/A/Frameworks/ATS.framework/Versions/A/Resources/libFontParser.dylib
0x000000000a2d3000 	/System/Library/Frameworks/ApplicationServices.framework/Versions/A/Frameworks/ATS.framework/Versions/A/Resources/libFontRegistry.dylib
0x000000000a2d3000 	/usr/lib/libcups.2.dylib
0x000000000a2d3000 	/System/Library/Frameworks/Kerberos.framework/Versions/A/Kerberos
0x000000000a2d3000 	/System/Library/Frameworks/GSS.framework/Versions/A/GSS
0x000000000a2d3000 	/usr/lib/libresolv.9.dylib
0x000000000a2d3000 	/usr/lib/libiconv.2.dylib
0x000000000a2d3000 	/System/Library/PrivateFrameworks/Heimdal.framework/Versions/A/Heimdal
0x000000000a2d3000 	/System/Library/Frameworks/OpenDirectory.framework/Versions/A/OpenDirectory
0x000000000a2d3000 	/System/Library/PrivateFrameworks/CommonAuth.framework/Versions/A/CommonAuth
0x000000000a2d3000 	/System/Library/Frameworks/CoreVideo.framework/Versions/A/CoreVideo
0x000000000a2d3000 	/System/Library/Frameworks/QuartzCore.framework/Versions/A/Frameworks/CoreImage.framework/Versions/A/CoreImage
0x000000000a2d3000 	/System/Library/Frameworks/QuartzCore.framework/Versions/A/Frameworks/ScalableUserInterface.framework/Versions/A/ScalableUserInterface
0x000000000a2d3000 	/System/Library/Frameworks/OpenGL.framework/Versions/A/Libraries/libGLU.dylib
0x000000000a2d3000 	/System/Library/Frameworks/OpenGL.framework/Versions/A/Libraries/libGFXShared.dylib
0x000000000a2d3000 	/System/Library/Frameworks/OpenGL.framework/Versions/A/Libraries/libGL.dylib
0x000000000a2d3000 	/System/Library/Frameworks/OpenGL.framework/Versions/A/Libraries/libGLImage.dylib
0x000000000a2d3000 	/System/Library/Frameworks/OpenGL.framework/Versions/A/Libraries/libCVMSPluginSupport.dylib
0x000000000a2d3000 	/System/Library/Frameworks/OpenGL.framework/Versions/A/Libraries/libCoreVMClient.dylib
0x000000000a2d3000 	/System/Library/Frameworks/OpenCL.framework/Versions/A/OpenCL
0x000000000a2d3000 	/System/Library/PrivateFrameworks/FaceCoreLight.framework/Versions/A/FaceCoreLight
0x000000000a2d3000 	/System/Library/Frameworks/vecLib.framework/Versions/A/vecLib
0x000000000a2d3000 	/System/Library/Frameworks/SecurityFoundation.framework/Versions/A/SecurityFoundation
0x000000000a2d3000 	/System/Library/PrivateFrameworks/CommerceKit.framework/Versions/A/Frameworks/CommerceCore.framework/Versions/A/CommerceCore
0x000000000a2d3000 	/System/Library/PrivateFrameworks/CoreSymbolication.framework/Versions/A/CoreSymbolication
0x000000000a2d3000 	/System/Library/PrivateFrameworks/Symbolication.framework/Versions/A/Symbolication
0x000000000a2d3000 	/System/Library/PrivateFrameworks/DebugSymbols.framework/Versions/A/DebugSymbols
0x000000010f000000 	/Library/Java/JavaVirtualMachines/jdk1.7.0_07.jdk/Contents/Home/jre/lib/server/libjvm.dylib
0x000000010fbaa000 	/Library/Java/JavaVirtualMachines/jdk1.7.0_07.jdk/Contents/Home/jre/lib/libverify.dylib
0x000000010fbb7000 	/Library/Java/JavaVirtualMachines/jdk1.7.0_07.jdk/Contents/Home/jre/lib/libjava.dylib
0x000000010fbef000 	/Library/Java/JavaVirtualMachines/jdk1.7.0_07.jdk/Contents/Home/jre/lib/libzip.dylib
0x0000000175948000 	/System/Library/Frameworks/JavaVM.framework/Frameworks/JavaRuntimeSupport.framework/JavaRuntimeSupport
0x0000000175960000 	/System/Library/Frameworks/JavaVM.framework/Versions/A/Frameworks/JavaNativeFoundation.framework/Versions/A/JavaNativeFoundation
0x0000000175975000 	/System/Library/Frameworks/JavaVM.framework/Versions/A/JavaVM
0x000000000a2d3000 	/System/Library/Frameworks/Carbon.framework/Versions/A/Carbon
0x0000000175982000 	/System/Library/PrivateFrameworks/JavaLaunching.framework/Versions/A/JavaLaunching
0x000000000a2d3000 	/System/Library/Frameworks/Carbon.framework/Versions/A/Frameworks/CommonPanels.framework/Versions/A/CommonPanels
0x000000000a2d3000 	/System/Library/Frameworks/Carbon.framework/Versions/A/Frameworks/Help.framework/Versions/A/Help
0x000000000a2d3000 	/System/Library/Frameworks/Carbon.framework/Versions/A/Frameworks/ImageCapture.framework/Versions/A/ImageCapture
0x000000000a2d3000 	/System/Library/Frameworks/Carbon.framework/Versions/A/Frameworks/OpenScripting.framework/Versions/A/OpenScripting
0x000000000a2d3000 	/System/Library/Frameworks/Carbon.framework/Versions/A/Frameworks/Print.framework/Versions/A/Print
0x000000000a2d3000 	/System/Library/Frameworks/Carbon.framework/Versions/A/Frameworks/SecurityHI.framework/Versions/A/SecurityHI
0x00000001760d2000 	/Library/Java/JavaVirtualMachines/jdk1.7.0_07.jdk/Contents/Home/jre/lib/libawt.dylib
0x0000000176181000 	/Library/Java/JavaVirtualMachines/jdk1.7.0_07.jdk/Contents/Home/jre/lib/./libmlib_image.dylib
0x000000017624d000 	/Library/Java/JavaVirtualMachines/jdk1.7.0_07.jdk/Contents/Home/jre/lib/lwawt/liblwawt.dylib
0x00000001762ff000 	/Library/Java/JavaVirtualMachines/jdk1.7.0_07.jdk/Contents/Home/jre/lib/server/../libosxapp.dylib
0x000000017631b000 	/System/Library/Frameworks/ExceptionHandling.framework/Versions/A/ExceptionHandling
0x000000000a2d3000 	/System/Library/PrivateFrameworks/CoreServicesInternal.framework/Versions/A/CoreServicesInternal
0x000000000a2d3000 	/System/Library/Frameworks/ApplicationServices.framework/Versions/A/Frameworks/CoreGraphics.framework/Versions/A/Resources/libCSync.A.dylib
0x000000000a2d3000 	/System/Library/Frameworks/ApplicationServices.framework/Versions/A/Frameworks/CoreGraphics.framework/Versions/A/Resources/libRIP.A.dylib
0x000000000a2d3000 	/System/Library/Frameworks/ApplicationServices.framework/Versions/A/Frameworks/CoreGraphics.framework/Versions/A/Resources/libCGXType.A.dylib
0x0000000179de1000 	/System/Library/Frameworks/OpenGL.framework/Resources/GLEngine.bundle/GLEngine
0x0000000179fd0000 	/System/Library/Frameworks/OpenGL.framework/Versions/A/Libraries/libGLProgrammability.dylib
0x0000000000000000 	/System/Library/Extensions/GeForceGLDriver.bundle/Contents/MacOS/GeForceGLDriver
0x0000000178405000 	/System/Library/PrivateFrameworks/GPUSupport.framework/Versions/A/Libraries/libGPUSupport.dylib
0x000000000a2d3000 	/System/Library/Extensions/GeForceGLDriver.bundle/Contents/MacOS/libclh.dylib
0x000000017841b000 	/System/Library/Frameworks/OpenGL.framework/Resources//GLRendererFloat.bundle/GLRendererFloat
0x0000000178452000 	/System/Library/Frameworks/OpenCL.framework/Versions/A/Libraries/libcldcpuengine.dylib
0x000000000a2d3000 	/System/Library/PrivateFrameworks/DiskImages.framework/Versions/A/DiskImages
0x0000000178462000 	/System/Library/Frameworks/OpenGL.framework/Versions/A/Libraries/libCoreFSCache.dylib
0x000000000a2d3000 	/System/Library/Frameworks/DiscRecording.framework/Versions/A/DiscRecording
0x000000000a2d3000 	/usr/lib/libcurl.4.dylib
0x000000000a2d3000 	/System/Library/PrivateFrameworks/MediaKit.framework/Versions/A/MediaKit
0x000000000a2d3000 	/usr/lib/libssl.0.9.8.dylib
0x000000000a2d3000 	/System/Library/Frameworks/LDAP.framework/Versions/A/LDAP
0x000000000a2d3000 	/usr/lib/libsasl2.2.dylib
0x000000017a777000 	/Library/Java/JavaVirtualMachines/jdk1.7.0_07.jdk/Contents/Home/jre/lib/libfontmanager.dylib
0x000000017a7c3000 	/Library/Java/JavaVirtualMachines/jdk1.7.0_07.jdk/Contents/Home/jre/lib/libosxui.dylib
0x000000017b0f4000 	cl_kernels
0x000000017c2ac000 	/System/Library/Frameworks/OpenCL.framework/Versions/A/Libraries/ImageFormats/unorm8_bgra.dylib
0x000000017c37a000 	cl_kernels
0x000000017cc92000 	/Library/Java/JavaVirtualMachines/jdk1.7.0_07.jdk/Contents/Home/jre/lib/libnet.dylib
0x000000017cca7000 	/Library/Java/JavaVirtualMachines/jdk1.7.0_07.jdk/Contents/Home/jre/lib/libnio.dylib

VM Arguments:
jvm_args: -Dfile.encoding=US-ASCII 
java_command: eventHandeling
Launcher Type: SUN_STANDARD

Environment Variables:
PATH=/usr/bin:/bin:/usr/sbin:/sbin
SHELL=/bin/bash
DISPLAY=/tmp/launch-cgd3kt/org.x:0

Signal Handlers:
SIGSEGV: [libjvm.dylib+0x4a3a1d], sa_mask[0]=0xfffefeff, sa_flags=0x00000042
SIGBUS: [libjvm.dylib+0x4a3a1d], sa_mask[0]=0xfffefeff, sa_flags=0x00000042
SIGFPE: [libjvm.dylib+0x3b3431], sa_mask[0]=0xfffefeff, sa_flags=0x00000042
SIGPIPE: [libjvm.dylib+0x3b3431], sa_mask[0]=0xfffefeff, sa_flags=0x00000042
SIGXFSZ: [libjvm.dylib+0x3b3431], sa_mask[0]=0xfffefeff, sa_flags=0x00000042
SIGILL: [libjvm.dylib+0x3b3431], sa_mask[0]=0xfffefeff, sa_flags=0x00000042
SIGUSR1: SIG_DFL, sa_mask[0]=0x00000000, sa_flags=0x00000002
SIGUSR2: [libjvm.dylib+0x3b2fca], sa_mask[0]=0x00000004, sa_flags=0x00000042
SIGHUP: [libjvm.dylib+0x3b122b], sa_mask[0]=0xfffefeff, sa_flags=0x00000042
SIGINT: [libjvm.dylib+0x3b122b], sa_mask[0]=0xfffefeff, sa_flags=0x00000042
SIGTERM: [libjvm.dylib+0x3b122b], sa_mask[0]=0xfffefeff, sa_flags=0x00000042
SIGQUIT: [libjvm.dylib+0x3b122b], sa_mask[0]=0xfffefeff, sa_flags=0x00000042


---------------  S Y S T E M  ---------------

OS:Bsduname:Darwin 11.4.2 Darwin Kernel Version 11.4.2: Thu Aug 23 16:25:48 PDT 2012; root:xnu-1699.32.7~1/RELEASE_X86_64 x86_64
rlimit: STACK 8192k, CORE 0k, NPROC 709, NOFILE 10240, AS infinity
load average:0.82 0.84 0.88

CPU:total 2 (2 cores per cpu, 1 threads per core) family 6 model 23 stepping 10, cmov, cx8, fxsr, mmx, sse, sse2, sse3, ssse3, sse4.1, tsc

Memory: 4k page, physical 5801140k(1450285k free)

/proc/meminfo:


vm_info: Java HotSpot(TM) 64-Bit Server VM (23.3-b01) for bsd-amd64 JRE (1.7.0_07-b10), built on Aug 28 2012 18:14:29 by "java_re" with gcc 4.2.1 (Based on Apple Inc. build 5658) (LLVM build 2336.9.00)

time: Mon Oct  7 16:29:25 2013
elapsed time: 1 seconds

