140409 13:49:47 [Note] Plugin 'FEDERATED' is disabled.
140409 13:49:47 InnoDB: The InnoDB memory heap is disabled
140409 13:49:47 InnoDB: Mutexes and rw_locks use Windows interlocked functions
140409 13:49:47 InnoDB: Compressed tables use zlib 1.2.3
140409 13:49:47 InnoDB: Initializing buffer pool, size = 128.0M
140409 13:49:47 InnoDB: Completed initialization of buffer pool
140409 13:49:47 InnoDB: highest supported file format is Barracuda.
InnoDB: The log sequence number in ibdata files does not match
InnoDB: the log sequence number in the ib_logfiles!
140409 13:49:47  InnoDB: Database was not shut down normally!
InnoDB: Starting crash recovery.
InnoDB: Reading tablespace information from the .ibd files...
InnoDB: Restoring possible half-written data pages from the doublewrite
InnoDB: buffer...
140409 13:49:48  InnoDB: Waiting for the background threads to start
140409 13:49:49 InnoDB: 1.1.8 started; log sequence number 1828008
140409 13:49:49 [Note] Event Scheduler: Loaded 0 events
140409 13:49:49 [Note] E:\ITB\Semester 2\PHP\Web Server/mysql/bin/mysqld_usbwv8.exe: ready for connections.
Version: '5.5.20'  socket: ''  port: 3307  MySQL Community Server (GPL)
140409 14:19:28 [Note] Plugin 'FEDERATED' is disabled.
140409 14:19:28 InnoDB: The InnoDB memory heap is disabled
140409 14:19:28 InnoDB: Mutexes and rw_locks use Windows interlocked functions
140409 14:19:28 InnoDB: Compressed tables use zlib 1.2.3
140409 14:19:28 InnoDB: Initializing buffer pool, size = 128.0M
140409 14:19:28 InnoDB: Completed initialization of buffer pool
140409 14:19:28 InnoDB: highest supported file format is Barracuda.
InnoDB: The log sequence number in ibdata files does not match
InnoDB: the log sequence number in the ib_logfiles!
140409 14:19:28  InnoDB: Database was not shut down normally!
InnoDB: Starting crash recovery.
InnoDB: Reading tablespace information from the .ibd files...
InnoDB: Restoring possible half-written data pages from the doublewrite
InnoDB: buffer...
140409 14:19:30  InnoDB: Waiting for the background threads to start
140409 14:19:31 InnoDB: 1.1.8 started; log sequence number 1830156
140409 14:19:31 [Note] Event Scheduler: Loaded 0 events
140409 14:19:31 [Note] E:\ITB\Semester 2\PHP\Web Server/mysql/bin/mysqld_usbwv8.exe: ready for connections.
Version: '5.5.20'  socket: ''  port: 3307  MySQL Community Server (GPL)
