\BOOKMARK [0][-]{chapter*.1}{Abstract}{}% 1
\BOOKMARK [0][-]{chapter*.2}{Acknowledgements}{}% 2
\BOOKMARK [0][-]{chapter*.3}{Table of Contents}{}% 3
\BOOKMARK [0][-]{chapter*.3}{List of Tables}{}% 4
\BOOKMARK [0][-]{chapter*.4}{List of Figures}{}% 5
\BOOKMARK [0][-]{chapter*.6}{Abbreviations}{}% 6
\BOOKMARK [0][-]{chapter.1}{Introduction and Background}{}% 7
\BOOKMARK [1][-]{section.1.1}{section header 1}{chapter.1}% 8
\BOOKMARK [2][-]{subsection.1.1.1}{Subsection header 1}{section.1.1}% 9
\BOOKMARK [2][-]{subsection.1.1.2}{Subsection header 2}{section.1.1}% 10
\BOOKMARK [2][-]{subsection.1.1.3}{Subsection header 3}{section.1.1}% 11
\BOOKMARK [1][-]{section.1.2}{section header 2}{chapter.1}% 12
\BOOKMARK [2][-]{subsection.1.2.1}{Subsection header 1}{section.1.2}% 13
\BOOKMARK [2][-]{subsection.1.2.2}{Subsection header 2}{section.1.2}% 14
\BOOKMARK [2][-]{subsection.1.2.3}{Subsection header 3}{section.1.2}% 15
\BOOKMARK [1][-]{section.1.3}{section header 3}{chapter.1}% 16
\BOOKMARK [2][-]{subsection.1.3.1}{Subsection header 1}{section.1.3}% 17
\BOOKMARK [2][-]{subsection.1.3.2}{Subsection header 2}{section.1.3}% 18
\BOOKMARK [2][-]{subsection.1.3.3}{Subsection header 3}{section.1.3}% 19
\BOOKMARK [1][-]{section.1.4}{section header 4}{chapter.1}% 20
\BOOKMARK [2][-]{subsection.1.4.1}{Subsection header 1}{section.1.4}% 21
\BOOKMARK [2][-]{subsection.1.4.2}{Subsection header 2}{section.1.4}% 22
\BOOKMARK [2][-]{subsection.1.4.3}{Subsection header 3}{section.1.4}% 23
\BOOKMARK [0][-]{chapter.2}{Literature Review}{}% 24
\BOOKMARK [1][-]{section.2.1}{section header 1}{chapter.2}% 25
\BOOKMARK [2][-]{subsection.2.1.1}{Subsection header 1}{section.2.1}% 26
\BOOKMARK [2][-]{subsection.2.1.2}{Subsection header 2}{section.2.1}% 27
\BOOKMARK [2][-]{subsection.2.1.3}{Subsection header 3}{section.2.1}% 28
\BOOKMARK [1][-]{section.2.2}{section header 2}{chapter.2}% 29
\BOOKMARK [2][-]{subsection.2.2.1}{Subsection header 1}{section.2.2}% 30
\BOOKMARK [2][-]{subsection.2.2.2}{Subsection header 2}{section.2.2}% 31
\BOOKMARK [2][-]{subsection.2.2.3}{Subsection header 3}{section.2.2}% 32
\BOOKMARK [1][-]{section.2.3}{section header 3}{chapter.2}% 33
\BOOKMARK [2][-]{subsection.2.3.1}{Subsection header 1}{section.2.3}% 34
\BOOKMARK [2][-]{subsection.2.3.2}{Subsection header 2}{section.2.3}% 35
\BOOKMARK [2][-]{subsection.2.3.3}{Subsection header 3}{section.2.3}% 36
\BOOKMARK [1][-]{section.2.4}{section header 4}{chapter.2}% 37
\BOOKMARK [2][-]{subsection.2.4.1}{Subsection header 1}{section.2.4}% 38
\BOOKMARK [2][-]{subsection.2.4.2}{Subsection header 2}{section.2.4}% 39
\BOOKMARK [2][-]{subsection.2.4.3}{Subsection header 3}{section.2.4}% 40
\BOOKMARK [0][-]{chapter.3}{Methodology Chapter}{}% 41
\BOOKMARK [1][-]{section.3.1}{section header 1}{chapter.3}% 42
\BOOKMARK [2][-]{subsection.3.1.1}{Subsection header 1}{section.3.1}% 43
\BOOKMARK [2][-]{subsection.3.1.2}{Subsection header 2}{section.3.1}% 44
\BOOKMARK [2][-]{subsection.3.1.3}{Subsection header 3}{section.3.1}% 45
\BOOKMARK [1][-]{section.3.2}{section header 2}{chapter.3}% 46
\BOOKMARK [2][-]{subsection.3.2.1}{Subsection header 1}{section.3.2}% 47
\BOOKMARK [2][-]{subsection.3.2.2}{Subsection header 2}{section.3.2}% 48
\BOOKMARK [2][-]{subsection.3.2.3}{Subsection header 3}{section.3.2}% 49
\BOOKMARK [1][-]{section.3.3}{section header 3}{chapter.3}% 50
\BOOKMARK [2][-]{subsection.3.3.1}{Subsection header 1}{section.3.3}% 51
\BOOKMARK [2][-]{subsection.3.3.2}{Subsection header 2}{section.3.3}% 52
\BOOKMARK [2][-]{subsection.3.3.3}{Subsection header 3}{section.3.3}% 53
\BOOKMARK [1][-]{section.3.4}{section header 4}{chapter.3}% 54
\BOOKMARK [2][-]{subsection.3.4.1}{Subsection header 1}{section.3.4}% 55
\BOOKMARK [2][-]{subsection.3.4.2}{Subsection header 2}{section.3.4}% 56
\BOOKMARK [2][-]{subsection.3.4.3}{Subsection header 3}{section.3.4}% 57
\BOOKMARK [0][-]{subsection.3.4.3}{Bibliography}{}% 58
\BOOKMARK [0][-]{chapter*.8}{Appendices}{}% 59
\BOOKMARK [1][-]{section.0.1}{Structure of Dublin Bus Wayfarer Data }{chapter*.8}% 60
\BOOKMARK [1][-]{section.0.2}{Coarse Zone Description}{chapter*.8}% 61
\BOOKMARK [1][-]{section.0.3}{Coarse Zone Map}{chapter*.8}% 62
\BOOKMARK [1][-]{section.0.4}{Ticket Types}{chapter*.8}% 63
\BOOKMARK [1][-]{section.0.5}{Ticket 1 \205 730-243}{chapter*.8}% 64
\BOOKMARK [1][-]{section.0.6}{Ticket 3 \205 730-73}{chapter*.8}% 65
